<?xml version="1.0" encoding="UTF-8"?>
<!-- Generated by org.testng.reporters.JUnitReportReporter -->
<testsuite hostname="Agustin" name="training.test.TestHomePage" tests="1" failures="0" timestamp="10 Aug 2015 02:31:09 GMT" time="0.734" errors="0">
  <testcase name="testCreateNewProductLink" time="0.734" classname="training.test.TestHomePage"/>
</testsuite> <!-- training.test.TestHomePage -->
