<?xml version="1.0" encoding="UTF-8"?>
<!-- Generated by org.testng.reporters.JUnitReportReporter -->
<testsuite hostname="Agustin" name="training.test.TestProductLoaderPage" tests="1" failures="0" timestamp="21 Aug 2015 04:52:12 GMT" time="17.268" errors="0">
  <testcase name="testLoad10RandomPricesAreSavedCorrectly" time="17.268" classname="training.test.TestProductLoaderPage"/>
</testsuite> <!-- training.test.TestProductLoaderPage -->
