<?xml version="1.0" encoding="UTF-8"?>
<!-- Generated by org.testng.reporters.JUnitReportReporter -->
<testsuite hostname="Agustin" name="training.test.TestCreateProductPage" tests="3" failures="0" timestamp="21 Aug 2015 02:58:09 GMT" time="6.042" errors="0">
  <testcase name="testCreateFirstValidProduct" time="2.257" classname="training.test.TestCreateProductPage"/>
  <testcase name="testCreateSecondValidProduct" time="2.264" classname="training.test.TestCreateProductPage"/>
  <testcase name="testCreateThirdValidProduct" time="1.521" classname="training.test.TestCreateProductPage"/>
</testsuite> <!-- training.test.TestCreateProductPage -->
